"../../../../../TPG/Content/UI/EndGame/CoinsIcon.uasset" 0
"../../../../../TPG/Content/UI/EndGame/HighscoreIcon.uasset" 1
"../../../../../TPG/Content/UI/EndGame/ScoreIcon.uasset" 2
"../../../../../TPG/Content/UI/Loading/LoadingScreen.uasset" 3
"../../../../../TPG/Content/UI/MainMenu/StartButton.uasset" 4
"../../../../../TPG/Content/UI/MainMenu/StartButtonPressed.uasset" 5
"../../../Engine/Content/Animation/DefaultAnimBoneCompressionSettings.uasset" 6
"../../../Engine/Content/Animation/DefaultAnimCurveCompressionSettings.uasset" 7
"../../../Engine/Content/EngineMaterials/T_Default_Material_Grid_N.uasset" 8
"../../../Engine/Content/EngineMaterials/T_Default_Material_Grid_M.uasset" 9
"../../../Engine/Content/Functions/Engine_MaterialFunctions01/Opacity/CameraDepthFade.uasset" 10
"../../../Engine/Content/EngineMaterials/WorldGridMaterial.uasset" 11
"../../../Engine/Content/ArtTools/RenderToTexture/Meshes/S_1_Unit_Plane.uasset" 12
"../../../Engine/Content/EngineMaterials/DefaultMaterial.uasset" 13
"../../../Engine/Content/BasicShapes/Cone.uasset" 14
"../../../Engine/Content/BasicShapes/Cube.uasset" 15
"../../../Engine/Content/BasicShapes/Plane.uasset" 16
"../../../Engine/Content/BasicShapes/Sphere.uasset" 17
"../../../Engine/Content/EditorLandscapeResources/DataLayer.uasset" 18
"../../../Engine/Content/EditorLandscapeResources/DefaultAlphaTexture.uasset" 19
"../../../Engine/Content/EditorMaterials/MAT_Groups_Toggle.uasset" 20
"../../../Engine/Content/EditorMaterials/MAT_Groups_Visibility.uasset" 21
"../../../Engine/Content/EditorMaterials/PreviewShadowIndicator.uasset" 22
"../../../Engine/Content/EditorMaterials/PreviewShadowIndicatorMaterial.uasset" 23
"../../../Engine/Content/EditorMaterials/MatineeGroups/MAT_ColorTrack.uasset" 24
"../../../Engine/Content/EditorMaterials/MatineeGroups/MAT_Groups_Anim.uasset" 25
"../../../Engine/Content/EditorMaterials/MatineeGroups/MAT_Groups_AudioMaster.uasset" 26
"../../../Engine/Content/EditorMaterials/MatineeGroups/MAT_Groups_Director.uasset" 27
"../../../Engine/Content/EditorMaterials/MatineeGroups/MAT_Groups_Event.uasset" 28
"../../../Engine/Content/EditorMaterials/MatineeGroups/MAT_Groups_Fade.uasset" 29
"../../../Engine/Content/EditorMaterials/MatineeGroups/MAT_Groups_Float.uasset" 30
"../../../Engine/Content/EditorMaterials/MatineeGroups/MAT_Groups_Move.uasset" 31
"../../../Engine/Content/EditorMaterials/MatineeGroups/MAT_Groups_Slomo.uasset" 32
"../../../Engine/Content/EditorMaterials/MatineeGroups/MAT_Groups_Sound.uasset" 33
"../../../Engine/Content/EditorMaterials/MatineeGroups/MAT_Groups_Vector.uasset" 34
"../../../Engine/Content/EditorMaterials/ParticleSystems/PSysThumbnail_NoImage.uasset" 35
"../../../Engine/Content/EditorMaterials/ParticleSystems/PSysThumbnail_OOD.uasset" 36
"../../../Engine/Content/EditorMaterials/Camera/CineMat.uasset" 37
"../../../Engine/Content/EditorMaterials/Camera/MI_CineMat_Rig.uasset" 38
"../../../Engine/Content/EditorMeshes/Camera/SM_CraneRig_Arm.uasset" 39
"../../../Engine/Content/EditorMeshes/Camera/SM_CraneRig_Base.uasset" 40
"../../../Engine/Content/EditorMeshes/Camera/SM_CraneRig_Body.uasset" 41
"../../../Engine/Content/EditorMeshes/Camera/SM_CraneRig_Mount.uasset" 42
"../../../Engine/Content/EditorMeshes/Camera/SM_RailRig_Mount.uasset" 43
"../../../Engine/Content/EditorMeshes/Camera/SM_RailRig_Track.uasset" 44
"../../../Engine/Content/EditorResources/BSPVertex.uasset" 45
"../../../Engine/Content/EditorResources/EmptyActor.uasset" 46
"../../../Engine/Content/EditorResources/S_Actor.uasset" 47
"../../../Engine/Content/EditorResources/S_Note.uasset" 48
"../../../Engine/Content/EditorResources/S_Solver.uasset" 49
"../../../Engine/Content/EditorResources/S_Terrain.uasset" 50
"../../../Engine/Content/EditorResources/S_Trigger.uasset" 51
"../../../Engine/Content/EditorResources/LightIcons/S_LightError.uasset" 52
"../../../Engine/Content/EditorResources/SequenceRecorder/Countdown.uasset" 53
"../../../Engine/Content/EditorResources/SequenceRecorder/RecordingIndicator.uasset" 54
"../../../Engine/Content/EngineDamageTypes/DmgTypeBP_Environmental.uasset" 55
"../../../Engine/Content/EngineDebugMaterials/DebugEditorMaterial.uasset" 56
"../../../Engine/Content/EngineDebugMaterials/DebugMeshMaterial.uasset" 57
"../../../Engine/Content/EngineDebugMaterials/M_SimpleUnlitTranslucent.uasset" 58
"../../../Engine/Content/EngineDebugMaterials/VolumeToRender.uasset" 59
"../../../Engine/Content/Functions/Engine_MaterialFunctions02/Utility/CameraDirectionVector.uasset" 60
"../../../Engine/Content/EngineDebugMaterials/M_VolumeRenderSphereTracePP.uasset" 61
"../../../Engine/Content/Functions/Engine_MaterialFunctions01/Shading/ConvertFromDiffSpec.uasset" 62
"../../../Engine/Content/EngineDebugMaterials/VertexColorMaterial.uasset" 63
"../../../Engine/Content/EngineDebugMaterials/WireframeMaterial.uasset" 64
"../../../Engine/Content/EngineFonts/Faces/RobotoRegular.uasset" 65
"../../../Engine/Content/EngineFonts/Faces/RobotoLight.uasset" 66
"../../../Engine/Content/EngineFonts/Faces/RobotoItalic.uasset" 67
"../../../Engine/Content/EngineFonts/Faces/RobotoBoldItalic.uasset" 68
"../../../Engine/Content/EngineFonts/Faces/RobotoBold.uasset" 69
"../../../Engine/Content/EngineFonts/Faces/DroidSansFallback.uasset" 70
"../../../Engine/Content/EngineFonts/Roboto.uasset" 71
"../../../Engine/Content/EngineMaterials/BaseFlattenNormalMap.uasset" 72
"../../../Engine/Content/EngineMaterials/BaseFlattenGrayscaleMap.uasset" 73
"../../../Engine/Content/EngineMaterials/BaseFlattenEmissiveMap.uasset" 74
"../../../Engine/Content/EngineMaterials/BaseFlattenDiffuseMap.uasset" 75
"../../../Engine/Content/EngineMaterials/BaseFlattenMaterial.uasset" 76
"../../../Engine/Content/EngineMaterials/BlueNoise.uasset" 77
"../../../Engine/Content/EngineMaterials/DefaultBloomKernel.uasset" 78
"../../../Engine/Content/EngineMaterials/DefaultBokeh.uasset" 79
"../../../Engine/Content/EngineMaterials/DefaultDiffuse.uasset" 80
"../../../Engine/Content/EngineMaterials/DefaultDeferredDecalMaterial.uasset" 81
"../../../Engine/Content/EngineMaterials/DefaultLightFunctionMaterial.uasset" 82
"../../../Engine/Content/EngineMaterials/DefaultPhysicalMaterial.uasset" 83
"../../../Engine/Content/Functions/Engine_MaterialFunctions02/Utility/BreakOutFloat2Components.uasset" 84
"../../../Engine/Content/EngineMaterials/DefaultPostProcessMaterial.uasset" 85
"../../../Engine/Content/EngineFonts/RobotoDistanceField.uasset" 86
"../../../Engine/Content/EngineMaterials/DefaultTextMaterialOpaque.uasset" 87
"../../../Engine/Content/EngineMaterials/DefaultWhiteGrid.uasset" 88
"../../../Engine/Content/EngineMaterials/DefaultWhiteGrid_Low.uasset" 89
"../../../Engine/Content/EngineMaterials/EmissiveMeshMaterial.uasset" 90
"../../../Engine/Content/EngineMaterials/GizmoMaterial.uasset" 91
"../../../Engine/Content/EngineMaterials/Good64x64TilingNoiseHighFreq.uasset" 92
"../../../Engine/Content/EngineMaterials/MiniFont.uasset" 93
"../../../Engine/Content/EngineMaterials/InvalidLightmapSettings.uasset" 94
"../../../Engine/Content/EngineMaterials/M_InvalidLightmapSettings.uasset" 95
"../../../Engine/Content/Functions/Engine_MaterialFunctions02/WorldPositionOffset/CameraOffset.uasset" 96
"../../../Engine/Content/EngineMaterials/PhAT_JointLimitMaterial.uasset" 97
"../../../Engine/Content/EngineMaterials/PreintegratedSkinBRDF.uasset" 98
"../../../Engine/Content/EngineMaterials/RemoveSurfaceMaterial.uasset" 99
"../../../Engine/Content/EngineMaterials/WeightMapPlaceholderTexture.uasset" 100
"../../../Engine/Content/EngineResources/WhiteSquareTexture.uasset" 101
"../../../Engine/Content/EngineMaterials/Widget3DPassThrough.uasset" 102
"../../../Engine/Content/EngineMaterials/Widget3DPassThrough_Masked.uasset" 103
"../../../Engine/Content/EngineMaterials/Widget3DPassThrough_Opaque.uasset" 104
"../../../Engine/Content/EngineMaterials/Widget3DPassThrough_Masked_OneSided.uasset" 105
"../../../Engine/Content/EngineMaterials/Widget3DPassThrough_Opaque_OneSided.uasset" 106
"../../../Engine/Content/EngineMaterials/Widget3DPassThrough_Translucent.uasset" 107
"../../../Engine/Content/EngineMaterials/Widget3DPassThrough_Translucent_OneSided.uasset" 108
"../../../Engine/Content/EngineMeshes/Cylinder.uasset" 109
"../../../Engine/Content/EngineMeshes/Sphere.uasset" 110
"../../../Engine/Content/EngineResources/Black.uasset" 111
"../../../Engine/Content/EngineResources/DefaultTextureCube.uasset" 112
"../../../Engine/Content/EngineResources/DefaultVolumeTexture2D.uasset" 113
"../../../Engine/Content/EngineResources/DefaultVolumeTexture.uasset" 114
"../../../Engine/Content/EngineResources/GradientTexture0.uasset" 115
"../../../Engine/Content/EngineSky/VolumetricClouds/T_NoiseShape64.uasset" 116
"../../../Engine/Content/EngineSky/VolumetricClouds/T_VolumeNoiseShape64.uasset" 117
"../../../Engine/Content/EngineSky/VolumetricClouds/T_NoiseErosion.uasset" 118
"../../../Engine/Content/EngineSky/VolumetricClouds/T_VolumeNoiseErosion32.uasset" 119
"../../../Engine/Content/EngineSky/VolumetricClouds/CloudWeatherTexture.uasset" 120
"../../../Engine/Content/EngineSky/VolumetricClouds/CloudGradientTexture.uasset" 121
"../../../Engine/Content/Functions/Engine_MaterialFunctions02/Utility/MakeFloat2.uasset" 122
"../../../Engine/Content/EngineSky/VolumetricClouds/m_SimpleVolumetricCloud.uasset" 123
"../../../Engine/Content/EngineSky/VolumetricClouds/m_SimpleVolumetricCloud_Inst.uasset" 124
"../../../Engine/Content/EngineSounds/Master.uasset" 125
"../../../Engine/Content/Functions/Engine_MaterialFunctions01/Shading/PowerToRoughness.uasset" 126
"../../../Engine/Content/Maps/Templates/Thumbnails/Default.uasset" 127
"../../../Engine/Content/Maps/Templates/Thumbnails/VR-Basic.uasset" 128
"../../../Engine/Content/MobileResources/T_MobileControls_texture.uasset" 129
"../../../Engine/Content/MobileResources/T_MobileMenu2.uasset" 130
"../../../Engine/Content/MobileResources/HUD/AnalogHat.uasset" 131
"../../../Engine/Content/MobileResources/HUD/VirtualJoystick_Thumb.uasset" 132
"../../../Engine/Content/MobileResources/HUD/VirtualJoystick_Background.uasset" 133
"../../../Engine/Content/MobileResources/HUD/DefaultVirtualJoysticks.uasset" 134
"../../../Engine/Content/MobileResources/HUD/LeftVirtualJoystickOnly.uasset" 135
"../../../Engine/Content/MobileResources/HUD/MobileHUDButton1_off.uasset" 136
"../../../Engine/Content/MobileResources/HUD/MobileHUDButton1_on.uasset" 137
"../../../Engine/Content/MobileResources/HUD/MobileHUDButton2_off.uasset" 138
"../../../Engine/Content/MobileResources/HUD/MobileHUDButton2_on.uasset" 139
"../../../Engine/Content/MobileResources/HUD/MobileHUDButton3.uasset" 140
"../../../Engine/Content/MobileResources/HUD/MobileHUDButtonFire.uasset" 141
"../../../Engine/Content/MobileResources/HUD/MobileHUDDirectionPad.uasset" 142
"../../../Engine/Content/MobileResources/HUD/MobileHUDDirectionPad2.uasset" 143
"../../../Engine/Content/MobileResources/HUD/MobileHUDDirectionPad3.uasset" 144
"../../../Engine/Content/MobileResources/HUD/MobileHUDDirectionStick.uasset" 145
"../../../Engine/Content/MobileResources/HUD/T_Castle_ThumbstickInner.uasset" 146
"../../../Engine/Content/MobileResources/HUD/T_Castle_ThumbstickOutter.uasset" 147
"../../../Engine/Content/Tutorial/ContentIntroCurve.uasset" 148
"../../../Engine/Content/Tutorial/Basics/LevelEditorAttract.uasset" 149
"../../../Engine/Content/VREditor/TransformGizmo/TranslucentTransformGizmoMaterial.uasset" 150
"../../../Engine/Content/VREditor/LaserPointer/VR_LaserPower_01.uasset" 151
"../../../Engine/Content/VREditor/TransformGizmo/TransformGizmoMaterial.uasset" 152
"../../../Engine/Content/VREditor/TransformGizmo/BoundingBoxCorner.uasset" 153
"../../../Engine/Content/VREditor/TransformGizmo/BoundingBoxEdge.uasset" 154
"../../../Engine/Content/VREditor/TransformGizmo/PlaneTranslationHandle.uasset" 155
"../../../Engine/Content/VREditor/TransformGizmo/Xray.uasset" 156
"../../../Engine/Content/VREditor/TransformGizmo/Main.uasset" 157
"../../../Engine/Content/VREditor/TransformGizmo/SM_Sequencer_Key.uasset" 158
"../../../Engine/Content/VREditor/TransformGizmo/SM_Sequencer_Node.uasset" 159
"../../Plugins/2D/Paper2D/Content/PlaceholderTextures/DummySpriteTexture.uasset" 160
"../../Plugins/2D/Paper2D/Content/DummySprite.uasset" 161
"../../Plugins/2D/Paper2D/Content/DefaultPaperTerrainMaterial.uasset" 162
"../../Plugins/2D/Paper2D/Content/DefaultSpriteMaterial.uasset" 163
"../../Plugins/2D/Paper2D/Content/MaskedUnlitSpriteMaterial.uasset" 164
"../../Plugins/2D/Paper2D/Content/OpaqueUnlitSpriteMaterial.uasset" 165
"../../../Engine/Content/Functions/Engine_MaterialFunctions02/Utility/BreakOutFloat3Components.uasset" 166
"../../Plugins/Editor/SpeedTreeImporter/Content/SpeedTree9/UnpackInteger3.uasset" 167
"../../Plugins/Editor/SpeedTreeImporter/Content/SpeedTree9/UnpackDirection.uasset" 168
"../../Plugins/Editor/SpeedTreeImporter/Content/SpeedTree9/game_wind_noise.uasset" 169
"../../../Engine/Content/Functions/Engine_MaterialFunctions02/SafeNormalize.uasset" 170
"../../Plugins/Editor/SpeedTreeImporter/Content/SpeedTree9/SpeedTreeWindMotion.uasset" 171
"../../Plugins/Editor/SpeedTreeImporter/Content/SpeedTree9/SpeedTreeBranchMotion.uasset" 172
"../../../Engine/Content/Functions/Engine_MaterialFunctions02/ObjectLocalBounds.uasset" 173
"../../../Engine/Content/Functions/Engine_MaterialFunctions02/UVs/BoundingBoxBased_0-1_UVW.uasset" 174
"../../Plugins/Editor/SpeedTreeImporter/Content/SpeedTree9/SpeedTreeWind.uasset" 175
"../../Plugins/Editor/SpeedTreeImporter/Content/SpeedTree9/SpeedTreeBillboard.uasset" 176
"../../../Engine/Content/EngineResources/DefaultTexture.uasset" 177
"../../Plugins/Editor/SpeedTreeImporter/Content/SpeedTree9/SpeedTreeBillboardMaster.uasset" 178
"../../Plugins/Editor/SpeedTreeImporter/Content/SpeedTree9/SpeedTreeCameraFacing.uasset" 179
"../../Plugins/Editor/SpeedTreeImporter/Content/SpeedTree9/SpeedTreeMaster.uasset" 180
"../../../Engine/Content/ArtTools/RenderToTexture/Materials/Debug/M_Emissive_Color.uasset" 181
"../../../Engine/Content/BasicShapes/Cylinder.uasset" 182
"../../Plugins/Lumin/MagicLeapPassableWorld/Content/MagicLeapARPinInfoActor.uasset" 183
"../../../Engine/Content/Functions/Engine_MaterialFunctions02/Utility/BreakOutFloat4Components.uasset" 184
"../../../Engine/Content/Functions/Engine_MaterialFunctions02/Utility/MakeFloat3.uasset" 185
"../../Plugins/Runtime/Oculus/OculusVR/Content/Materials/OculusMR_ChromaKey.uasset" 186
"../../Plugins/Runtime/Oculus/OculusVR/Content/Materials/OculusMR_OpaqueColoredMaterial.uasset" 187
"../../Plugins/Runtime/Oculus/OculusVR/Content/Materials/PokeAHoleMaterial.uasset" 188
"../../../../../TPG/Content/StarterContent/Materials/M_Basic_Wall.uasset" 189
"../../../../../TPG/Content/StarterContent/Shapes/Shape_Plane.uasset" 190
"../../../../../TPG/Content/StarterContent/Architecture/Wall_400x400.uasset" 191
"../../../Engine/Content/EngineSky/T_Sky_Stars.uasset" 192
"../../../Engine/Content/EngineSky/T_Sky_Blue.uasset" 193
"../../../../../TPG/Content/StarterContent/Textures/T_Detail_Rocky_N.uasset" 194
"../../../../../TPG/Content/StarterContent/Textures/T_Brick_Clay_New_N.uasset" 195
"../../../../../TPG/Content/StarterContent/Textures/T_Brick_Clay_New_M.uasset" 196
"../../../../../TPG/Content/StarterContent/Textures/T_Brick_Clay_New_D.uasset" 197
"../../../../../TPG/Content/StarterContent/Textures/T_MacroVariation.uasset" 198
"../../../../../TPG/Content/StarterContent/Materials/M_Brick_Clay_New.uasset" 199
"../../../../../TPG/Content/StarterContent/Textures/T_Fire_Tiled_D.uasset" 200
"../../../../../TPG/Content/StarterContent/Textures/T_Rock_Basalt_N.uasset" 201
"../../../../../TPG/Content/Character/Lava.uasset" 202
"../../../Engine/Content/EngineSky/T_Sky_Clouds_M.uasset" 203
"../../../Engine/Content/EngineSky/M_Sky_Panning_Clouds2.uasset" 204
"../../Plugins/Enterprise/DatasmithContent/Content/Materials/FBXImporter/VRED/VREDRepeatMode.uasset" 205
"../../../Engine/Content/Functions/Engine_MaterialFunctions02/Texturing/CustomRotator.uasset" 206
"../../Plugins/Enterprise/DatasmithContent/Content/Materials/FBXImporter/VRED/UVMapping.uasset" 207
"../../../Engine/Content/Functions/Engine_MaterialFunctions02/WorldPositionOffset/LocalPosition.uasset" 208
"../../../Engine/Content/Functions/Engine_MaterialFunctions02/Utility/VectorLength.uasset" 209
"../../../Engine/Content/Functions/Engine_MaterialFunctions02/WorldPositionOffset/ObjectScale.uasset" 210
"../../Plugins/Enterprise/DatasmithContent/Content/Materials/FBXImporter/VRED/TriplanarMapping.uasset" 211
"../../Plugins/Enterprise/DatasmithContent/Content/Materials/FBXImporter/VRED/PlanarMapping.uasset" 212
"../../Plugins/Enterprise/DatasmithContent/Content/Materials/FBXImporter/VRED/VREDTextureRead.uasset" 213
"../../../Engine/Content/Functions/Engine_MaterialFunctions01/Texturing/FlattenNormal.uasset" 214
"../../Plugins/Enterprise/DatasmithContent/Content/Materials/FBXImporter/VRED/ProcessNormal.uasset" 215
"../../../Engine/Content/Functions/Engine_MaterialFunctions01/Texturing/TextureCropping.uasset" 216
"../../../Engine/Content/Functions/Engine_MaterialFunctions02/ExampleContent/Textures/DebugNumberPeriod.uasset" 217
"../../../Engine/Content/Functions/Engine_MaterialFunctions02/ExampleContent/DebugNumberStrip.uasset" 218
"../../../Engine/Content/Functions/Engine_MaterialFunctions01/Texturing/ComputeMipLevel.uasset" 219
"../../../Engine/Content/Functions/Engine_MaterialFunctions02/Utility/DebugScalarValues.uasset" 220
"../../../Engine/Content/Functions/Engine_MaterialFunctions02/Utility/DebugFloat3Values.uasset" 221
"../../../Engine/Content/Functions/Engine_MaterialFunctions02/Math/RGBtoHSV.uasset" 222
"../../../Engine/Content/Functions/Engine_MaterialFunctions02/Fresnel_Function.uasset" 223
"../../../Engine/Content/Functions/Engine_MaterialFunctions01/Texturing/BakedDisplacement.uasset" 224
"../../Plugins/Enterprise/DatasmithContent/Content/Materials/FBXImporter/VRED/Glass.uasset" 225
"../../Plugins/Enterprise/DatasmithContent/Content/Materials/FBXImporter/VRED/Chrome.uasset" 226
"../../../../../TPG/Content/Maps/Game_Level_BuiltData.uasset" 227
"../../../../../TPG/Content/StarterContent/Architecture/Wall_500x500.uasset" 228
"../../../../../TPG/Content/Map/Wall_BP.uasset" 229
"../../../../../TPG/Content/StarterContent/Shapes/Shape_Cone.uasset" 230
"../../../../../TPG/Content/Map/RoundPlatform_BP.uasset" 231
"../../../../../TPG/Content/StarterContent/Architecture/Wall_400x200.uasset" 232
"../../../../../TPG/Content/Map/MovingBlockWall_BP.uasset" 233
"../../../../../TPG/Content/StarterContent/Materials/M_Basic_Floor.uasset" 234
"../../../../../TPG/Content/StarterContent/Architecture/Floor_400x400.uasset" 235
"../../../../../TPG/Content/UI/EndGame/MenuHovered.uasset" 236
"../../../../../TPG/Content/UI/EndGame/MenuButton.uasset" 237
"../../../../../TPG/Content/UI/EndGame/GameOver.uasset" 238
"../../../Engine/Content/EditorBlueprintResources/StandardMacros.uasset" 239
"../../../../../TPG/Content/Character/TPG_GameInstance.uasset" 240
"../../../../../TPG/Content/Character/TPG_PlayerController.uasset" 241
"../../../../../TPG/Content/UI/EndGame/GameOverScreenClient.uasset" 242
"../../../../../TPG/Content/UI/EndGame/RestartHovered.uasset" 243
"../../../../../TPG/Content/UI/EndGame/RestartButton.uasset" 244
"../../../Engine/Content/EditorBlueprintResources/ActorMacros.uasset" 245
"../../../../../TPG/Content/Character/MyGame.uasset" 246
"../../../../../TPG/Content/UI/EndGame/GameOverScreen.uasset" 247
"../../../../../TPG/Content/Character/SK_Mannequin_Skeleton.uasset" 248
"../../../../../TPG/Content/Character/CharacterMatreial.uasset" 249
"../../../../../TPG/Content/Character/CharacterMatreial_Inst.uasset" 250
"../../../../../TPG/Content/Character/SK_Mannequin_Physics.uasset" 251
"../../../../../TPG/Content/Character/SK_Mannequin.uasset" 252
"../../../../../TPG/Content/Character/Animations/ThirdPersonJump_Loop.uasset" 253
"../../../../../TPG/Content/Character/Animations/ThirdPersonJump_Start.uasset" 254
"../../../../../TPG/Content/Character/Animations/ThirdPersonIdle.uasset" 255
"../../../../../TPG/Content/StarterContent/Textures/T_Smoke_Tiled_D.uasset" 256
"../../../../../TPG/Content/StarterContent/Textures/T_Smoke_SubUV.uasset" 257
"../../../../../TPG/Content/StarterContent/Particles/Materials/M_smoke_subUV.uasset" 258
"../../../../../TPG/Content/StarterContent/Particles/P_Dust.uasset" 259
"../../../../../TPG/Content/Character/Animations/ThirdPersonRun.uasset" 260
"../../../../../TPG/Content/Character/Animations/ThirdPersonWalk.uasset" 261
"../../../../../TPG/Content/Character/Animations/Idle_Walk_Run.uasset" 262
"../../../../../TPG/Content/Character/Animations/ThirdPersonJump_End.uasset" 263
"../../../../../TPG/Content/Character/CharacterAnimBP.uasset" 264
"../../../../../TPG/Content/UI/GameWon/GameWonScreen.uasset" 265
"../../../../../TPG/Content/UI/GameWon/GameWonScreenClient.uasset" 266
"../../../../../TPG/Content/UI/WaitPlayers/WaitPlayerScreen.uasset" 267
"../../../../../TPG/Content/Character/CharacterBP.uasset" 268
"../../../../../TPG/Content/Map/Floor_BP.uasset" 269
"../../../../../TPG/Content/Map/Door_BP.uasset" 270
"../../../../../TPG/Content/StarterContent/Shapes/Shape_Cube.uasset" 271
"../../../../../TPG/Content/Map/CubicPlatform_BP.uasset" 272
"../../../Engine/Content/EngineSky/SM_SkySphere.uasset" 273
"../../../Engine/Content/EngineSky/C_Sky_Zenith_Color.uasset" 274
"../../../Engine/Content/EngineSky/C_Sky_Horizon_Color.uasset" 275
"../../../Engine/Content/EngineSky/C_Sky_Cloud_Color.uasset" 276
"../../../Engine/Content/EngineSky/BP_Sky_Sphere.uasset" 277
"../../../../../TPG/Content/Map/BlockWall_BP.uasset" 278
"../../../../../TPG/Content/Maps/Game_Level.umap" 279
"../../../../../TPG/Content/UI/MainMenu/ExitButtonPressed.uasset" 280
"../../../../../TPG/Content/UI/MainMenu/ExitButton.uasset" 281
"../../../../../TPG/Content/UI/MainMenu/Background.uasset" 282
"../../../../../TPG/Content/UI/MainMenu/MainMenu.uasset" 283
"../../../../../TPG/Content/Character/MainMunu.uasset" 284
"../../../../../TPG/Content/Maps/MainMenuLevel.umap" 285
"../../../../../TPG/Content/Maps/Trans.umap" 286
